<?xml version="1.0" encoding="UTF-8"?>
<!-- Generated by org.testng.reporters.JUnitReportReporter -->
<testsuite hostname="MSI" failures="0" tests="1" name="Tests.Saucetestpage" time="2.932" errors="0" timestamp="2023-10-30T17:46:30 IST" skipped="0">
  <testcase classname="Tests.Saucetestpage" name="tests" time="2.932"/>
</testsuite> <!-- Tests.Saucetestpage -->
