<?xml version="1.0" encoding="UTF-8"?>
<!-- Generated by org.testng.reporters.JUnitReportReporter -->
<testsuite hostname="MSI" failures="0" tests="1" name="Tests.Autoprojecttests" time="12.676" errors="0" timestamp="2023-10-30T18:12:40 IST" skipped="0">
  <testcase classname="Tests.Autoprojecttests" name="test" time="12.676"/>
</testsuite> <!-- Tests.Autoprojecttests -->
