<?xml version="1.0" encoding="UTF-8"?>
<!-- Generated by org.testng.reporters.JUnitReportReporter -->
<testsuite hostname="MSI" failures="0" tests="1" name="Tests.Saucesauceeg" time="2.430" errors="0" timestamp="2023-10-10T14:54:43 IST" skipped="0">
  <testcase classname="Tests.Saucesauceeg" name="tests" time="2.430"/>
</testsuite> <!-- Tests.Saucesauceeg -->
