<?xml version="1.0" encoding="UTF-8"?>
<!-- Generated by org.testng.reporters.JUnitReportReporter -->
<testsuite hostname="MSI" failures="0" tests="1" name="Tests.Marinertest" time="7.517" errors="0" timestamp="2023-10-30T17:43:29 IST" skipped="0">
  <testcase classname="Tests.Marinertest" name="tests" time="7.517"/>
</testsuite> <!-- Tests.Marinertest -->
